{"/Users/raroshan/Workspace/Front-End/object-getvalue/src/index.js":{"path":"/Users/raroshan/Workspace/Front-End/object-getvalue/src/index.js","s":{"1":1,"2":26,"3":26,"4":26,"5":26,"6":26,"7":26,"8":26,"9":1,"10":25,"11":2,"12":23,"13":23,"14":1,"15":22,"16":30,"17":30,"18":10,"19":10,"20":10,"21":30,"22":4,"23":2,"24":2,"25":26,"26":30,"27":12,"28":12,"29":18,"30":18,"31":22,"32":1},"b":{"1":[1,25],"2":[2,23],"3":[1,22],"4":[1,1],"5":[10,20],"6":[4,26],"7":[2,2],"8":[1,1],"9":[8,18],"10":[12,18],"11":[5,13]},"f":{"1":26},"fnMap":{"1":{"name":"getValue","line":1,"loc":{"start":{"line":1,"column":0},"end":{"line":1,"column":67}}}},"statementMap":{"1":{"start":{"line":1,"column":0},"end":{"line":58,"column":1}},"2":{"start":{"line":2,"column":1},"end":{"line":2,"column":19}},"3":{"start":{"line":3,"column":1},"end":{"line":3,"column":21}},"4":{"start":{"line":4,"column":1},"end":{"line":4,"column":25}},"5":{"start":{"line":5,"column":1},"end":{"line":5,"column":16}},"6":{"start":{"line":7,"column":1},"end":{"line":7,"column":18}},"7":{"start":{"line":8,"column":1},"end":{"line":8,"column":29}},"8":{"start":{"line":10,"column":1},"end":{"line":12,"column":2}},"9":{"start":{"line":11,"column":2},"end":{"line":11,"column":67}},"10":{"start":{"line":14,"column":1},"end":{"line":18,"column":2}},"11":{"start":{"line":15,"column":2},"end":{"line":15,"column":68}},"12":{"start":{"line":17,"column":2},"end":{"line":17,"column":40}},"13":{"start":{"line":20,"column":1},"end":{"line":22,"column":2}},"14":{"start":{"line":21,"column":2},"end":{"line":21,"column":30}},"15":{"start":{"line":24,"column":1},"end":{"line":56,"column":2}},"16":{"start":{"line":25,"column":2},"end":{"line":25,"column":29}},"17":{"start":{"line":28,"column":2},"end":{"line":32,"column":3}},"18":{"start":{"line":29,"column":3},"end":{"line":29,"column":39}},"19":{"start":{"line":30,"column":3},"end":{"line":30,"column":80}},"20":{"start":{"line":31,"column":3},"end":{"line":31,"column":40}},"21":{"start":{"line":36,"column":2},"end":{"line":44,"column":3}},"22":{"start":{"line":37,"column":3},"end":{"line":41,"column":4}},"23":{"start":{"line":38,"column":4},"end":{"line":38,"column":88}},"24":{"start":{"line":40,"column":4},"end":{"line":40,"column":20}},"25":{"start":{"line":43,"column":3},"end":{"line":43,"column":87}},"26":{"start":{"line":48,"column":2},"end":{"line":55,"column":3}},"27":{"start":{"line":49,"column":3},"end":{"line":49,"column":23}},"28":{"start":{"line":50,"column":3},"end":{"line":50,"column":9}},"29":{"start":{"line":52,"column":3},"end":{"line":53,"column":82}},"30":{"start":{"line":54,"column":3},"end":{"line":54,"column":27}},"31":{"start":{"line":57,"column":1},"end":{"line":57,"column":12}},"32":{"start":{"line":60,"column":0},"end":{"line":60,"column":26}}},"branchMap":{"1":{"line":10,"type":"if","locations":[{"start":{"line":10,"column":1},"end":{"line":10,"column":1}},{"start":{"line":10,"column":1},"end":{"line":10,"column":1}}]},"2":{"line":14,"type":"if","locations":[{"start":{"line":14,"column":1},"end":{"line":14,"column":1}},{"start":{"line":14,"column":1},"end":{"line":14,"column":1}}]},"3":{"line":20,"type":"if","locations":[{"start":{"line":20,"column":1},"end":{"line":20,"column":1}},{"start":{"line":20,"column":1},"end":{"line":20,"column":1}}]},"4":{"line":21,"type":"binary-expr","locations":[{"start":{"line":21,"column":9},"end":{"line":21,"column":22}},{"start":{"line":21,"column":26},"end":{"line":21,"column":29}}]},"5":{"line":28,"type":"if","locations":[{"start":{"line":28,"column":2},"end":{"line":28,"column":2}},{"start":{"line":28,"column":2},"end":{"line":28,"column":2}}]},"6":{"line":36,"type":"if","locations":[{"start":{"line":36,"column":2},"end":{"line":36,"column":2}},{"start":{"line":36,"column":2},"end":{"line":36,"column":2}}]},"7":{"line":37,"type":"if","locations":[{"start":{"line":37,"column":3},"end":{"line":37,"column":3}},{"start":{"line":37,"column":3},"end":{"line":37,"column":3}}]},"8":{"line":38,"type":"cond-expr","locations":[{"start":{"line":38,"column":36},"end":{"line":38,"column":70}},{"start":{"line":38,"column":73},"end":{"line":38,"column":87}}]},"9":{"line":43,"type":"cond-expr","locations":[{"start":{"line":43,"column":35},"end":{"line":43,"column":69}},{"start":{"line":43,"column":72},"end":{"line":43,"column":86}}]},"10":{"line":48,"type":"if","locations":[{"start":{"line":48,"column":2},"end":{"line":48,"column":2}},{"start":{"line":48,"column":2},"end":{"line":48,"column":2}}]},"11":{"line":53,"type":"cond-expr","locations":[{"start":{"line":53,"column":30},"end":{"line":53,"column":64}},{"start":{"line":53,"column":67},"end":{"line":53,"column":81}}]}}}}