TN:
SF:/Users/raroshan/Workspace/Front-End/object-getvalue/src/index.js
FN:1,getValue
FNF:1
FNH:1
FNDA:26,getValue
DA:1,1
DA:2,26
DA:3,26
DA:4,26
DA:5,26
DA:7,26
DA:8,26
DA:10,26
DA:11,1
DA:14,25
DA:15,2
DA:17,23
DA:20,23
DA:21,1
DA:24,22
DA:25,30
DA:28,30
DA:29,10
DA:30,10
DA:31,10
DA:36,30
DA:37,4
DA:38,2
DA:40,2
DA:43,26
DA:48,30
DA:49,12
DA:50,12
DA:52,18
DA:54,18
DA:57,22
DA:60,1
LF:32
LH:32
BRDA:10,1,0,1
BRDA:10,1,1,25
BRDA:14,2,0,2
BRDA:14,2,1,23
BRDA:20,3,0,1
BRDA:20,3,1,22
BRDA:21,4,0,1
BRDA:21,4,1,1
BRDA:28,5,0,10
BRDA:28,5,1,20
BRDA:36,6,0,4
BRDA:36,6,1,26
BRDA:37,7,0,2
BRDA:37,7,1,2
BRDA:38,8,0,1
BRDA:38,8,1,1
BRDA:43,9,0,8
BRDA:43,9,1,18
BRDA:48,10,0,12
BRDA:48,10,1,18
BRDA:53,11,0,5
BRDA:53,11,1,13
BRF:22
BRH:22
end_of_record
